<?xml version="1.0" encoding="UTF-8"?>
<testng-results skipped="0" failed="0" ignored="0" total="1" passed="1">
  <reporter-output>
  </reporter-output>
  <suite name="Default suite" duration-ms="19573" started-at="2018-06-26T14:41:41Z" finished-at="2018-06-26T14:42:00Z">
    <groups>
    </groups>
    <test name="Default test" duration-ms="19573" started-at="2018-06-26T14:41:41Z" finished-at="2018-06-26T14:42:00Z">
      <class name="facebook.com.facebook.Facebook">
        <test-method status="PASS" signature="launchng()[pri:0, instance:facebook.com.facebook.Facebook@6f7fd0e6]" name="launchng" duration-ms="19521" started-at="2018-06-26T14:41:41Z" finished-at="2018-06-26T14:42:00Z">
          <reporter-output>
          </reporter-output>
        </test-method> <!-- launchng -->
      </class> <!-- facebook.com.facebook.Facebook -->
    </test> <!-- Default test -->
  </suite> <!-- Default suite -->
</testng-results>
